<fileupload size="12236304">
  <file name="WP Files.zip" tmpfile="/home/avr/tmp/Cpanel_Form_file.upload.1379c2sOO_G9nfSD">
    <progress bytes="343010" bps="71017.06"></progress>
    <progress bytes="408546" bps="68773.66"></progress>
    <progress bytes="474082" bps="71687.90"></progress>
    <progress bytes="539618" bps="67791.14"></progress>
    <progress bytes="605154" bps="69592.48"></progress>
    <progress bytes="670690" bps="65649.44"></progress>
    <progress bytes="736226" bps="59541.16"></progress>
    <progress bytes="801762" bps="68360.31"></progress>
    <progress bytes="867298" bps="71154.35"></progress>
    <progress bytes="932834" bps="70369.17"></progress>
    <progress bytes="998370" bps="70305.23"></progress>
    <progress bytes="1063906" bps="66365.70"></progress>
    <progress bytes="1129442" bps="69395.72"></progress>
    <progress bytes="1194978" bps="68998.48"></progress>
    <progress bytes="1260514" bps="67629.40"></progress>
    <progress bytes="1326050" bps="70706.10"></progress>
    <progress bytes="1391586" bps="67963.73"></progress>
    <progress bytes="1457122" bps="71421.72"></progress>
    <progress bytes="1522658" bps="70713.27"></progress>
    <progress bytes="1588194" bps="69980.68"></progress>
    <progress bytes="1653730" bps="69718.93"></progress>
    <progress bytes="1719266" bps="69916.33"></progress>
    <progress bytes="1784802" bps="48786.99"></progress>
    <progress bytes="1850338" bps="68320.26"></progress>
    <progress bytes="1915874" bps="70958.05"></progress>
    <progress bytes="1981410" bps="66135.52"></progress>
    <progress bytes="2046946" bps="66507.27"></progress>
    <progress bytes="2112482" bps="64015.69"></progress>
    <progress bytes="2178018" bps="58507.44"></progress>
    <progress bytes="2243554" bps="56336.53"></progress>
    <progress bytes="2309090" bps="51715.66"></progress>
    <progress bytes="2374626" bps="64079.03"></progress>
    <progress bytes="2440162" bps="69363.84"></progress>
    <progress bytes="2505698" bps="60939.97"></progress>
    <progress bytes="2571234" bps="68700.05"></progress>
    <progress bytes="2636770" bps="69983.22"></progress>
    <progress bytes="2702306" bps="67793.24"></progress>
    <progress bytes="2767842" bps="70255.18"></progress>
    <progress bytes="2833378" bps="68678.67"></progress>
    <progress bytes="2898914" bps="71149.09"></progress>
    <progress bytes="2964450" bps="69684.53"></progress>
    <progress bytes="3029986" bps="71359.04"></progress>
    <progress bytes="3095522" bps="71234.78"></progress>
    <progress bytes="3161058" bps="67383.31"></progress>
    <progress bytes="3226594" bps="71121.30"></progress>
    <progress bytes="3292130" bps="71164.16"></progress>
    <progress bytes="3357666" bps="71319.75"></progress>
    <progress bytes="3423202" bps="68721.95"></progress>
    <progress bytes="3488738" bps="69882.78"></progress>
    <progress bytes="3554274" bps="69534.22"></progress>
    <progress bytes="3619810" bps="70980.72"></progress>
    <progress bytes="3685346" bps="69520.87"></progress>
    <progress bytes="3750882" bps="69581.84"></progress>
    <progress bytes="3816418" bps="60478.77"></progress>
    <progress bytes="3881954" bps="68378.35"></progress>
    <progress bytes="3947490" bps="70937.92"></progress>
    <progress bytes="4013026" bps="71136.58"></progress>
    <progress bytes="4078562" bps="68571.88"></progress>
    <progress bytes="4144098" bps="69086.20"></progress>
    <progress bytes="4209634" bps="68776.62"></progress>
    <progress bytes="4275170" bps="70530.93"></progress>
    <progress bytes="4340706" bps="67922.74"></progress>
    <progress bytes="4406242" bps="70332.84"></progress>
    <progress bytes="4471778" bps="70584.18"></progress>
    <progress bytes="4537314" bps="68325.10"></progress>
    <progress bytes="4602850" bps="69466.04"></progress>
    <progress bytes="4668386" bps="71252.52"></progress>
    <progress bytes="4733922" bps="67499.21"></progress>
    <progress bytes="4799458" bps="69119.28"></progress>
    <progress bytes="4864994" bps="69991.37"></progress>
    <progress bytes="4930530" bps="67432.61"></progress>
    <progress bytes="4996066" bps="70807.17"></progress>
    <progress bytes="5061602" bps="69451.39"></progress>
    <progress bytes="5127138" bps="70507.03"></progress>
    <progress bytes="5192674" bps="58939.49"></progress>
    <progress bytes="5258210" bps="67252.42"></progress>
    <progress bytes="5323746" bps="69703.87"></progress>
    <progress bytes="5389282" bps="70284.57"></progress>
    <progress bytes="5454818" bps="69603.78"></progress>
    <progress bytes="5520354" bps="70024.95"></progress>
    <progress bytes="5585890" bps="66740.06"></progress>
    <progress bytes="5651426" bps="69456.99"></progress>
    <progress bytes="5716962" bps="66429.54"></progress>
    <progress bytes="5782498" bps="68445.98"></progress>
    <progress bytes="5848034" bps="66471.79"></progress>
    <progress bytes="5913570" bps="67368.56"></progress>
    <progress bytes="5979106" bps="62122.49"></progress>
    <progress bytes="6044642" bps="68125.87"></progress>
    <progress bytes="6110178" bps="67077.10"></progress>
    <progress bytes="6175714" bps="70615.82"></progress>
    <progress bytes="6241250" bps="69624.34"></progress>
    <progress bytes="6306786" bps="68733.41"></progress>
    <progress bytes="6372322" bps="61725.09"></progress>
    <progress bytes="6437858" bps="66658.19"></progress>
    <progress bytes="6503394" bps="69033.59"></progress>
    <progress bytes="6568930" bps="67212.76"></progress>
    <progress bytes="6634466" bps="65041.23"></progress>
    <progress bytes="6700002" bps="67058.02"></progress>
    <progress bytes="6765538" bps="67563.58"></progress>
    <progress bytes="6831074" bps="66630.68"></progress>
    <progress bytes="6896610" bps="71184.57"></progress>
    <progress bytes="6962146" bps="67735.23"></progress>
    <progress bytes="7027682" bps="67895.65"></progress>
    <progress bytes="7093218" bps="68507.44"></progress>
    <progress bytes="7158754" bps="69283.62"></progress>
    <progress bytes="7224290" bps="70647.26"></progress>
    <progress bytes="7289826" bps="58798.57"></progress>
    <progress bytes="7355362" bps="57444.99"></progress>
    <progress bytes="7420898" bps="62672.31"></progress>
    <progress bytes="7486434" bps="69336.40"></progress>
    <progress bytes="7551970" bps="70591.86"></progress>
    <progress bytes="7617506" bps="70396.53"></progress>
    <progress bytes="7683042" bps="68937.37"></progress>
    <progress bytes="7748578" bps="63782.86"></progress>
    <progress bytes="7814114" bps="62062.96"></progress>
    <progress bytes="7879650" bps="59909.92"></progress>
    <progress bytes="7945186" bps="60653.18"></progress>
    <progress bytes="8010722" bps="68851.26"></progress>
    <progress bytes="8076258" bps="69600.01"></progress>
    <progress bytes="8141794" bps="68072.59"></progress>
    <progress bytes="8207330" bps="69965.29"></progress>
    <progress bytes="8272866" bps="64257.72"></progress>
    <progress bytes="8338402" bps="63945.05"></progress>
    <progress bytes="8403938" bps="63415.51"></progress>
    <progress bytes="8469474" bps="69556.80"></progress>
    <progress bytes="8535010" bps="70554.24"></progress>
    <progress bytes="8600546" bps="63760.03"></progress>
    <progress bytes="8666082" bps="70053.39"></progress>
    <progress bytes="8731618" bps="64452.30"></progress>
    <progress bytes="8797154" bps="68388.91"></progress>
    <progress bytes="8862690" bps="69237.14"></progress>
    <progress bytes="8928226" bps="67732.43"></progress>
    <progress bytes="8993762" bps="69646.69"></progress>
    <progress bytes="9059298" bps="68563.49"></progress>
    <progress bytes="9124834" bps="71030.88"></progress>
    <progress bytes="9190370" bps="69682.60"></progress>
    <progress bytes="9255906" bps="67417.21"></progress>
    <progress bytes="9321442" bps="68070.75"></progress>
    <progress bytes="9386978" bps="70547.41"></progress>
    <progress bytes="9452514" bps="68722.96"></progress>
    <progress bytes="9518050" bps="71139.75"></progress>
    <progress bytes="9583586" bps="70200.85"></progress>
    <progress bytes="9649122" bps="69845.02"></progress>
    <progress bytes="9714658" bps="70906.92"></progress>
    <progress bytes="9780194" bps="68438.62"></progress>
    <progress bytes="9845730" bps="68201.17"></progress>
    <progress bytes="9911266" bps="65496.51"></progress>
    <progress bytes="9976802" bps="68367.22"></progress>
    <progress bytes="10042338" bps="70097.90"></progress>
    <progress bytes="10107874" bps="56907.22"></progress>
    <progress bytes="10173410" bps="60352.78"></progress>
    <progress bytes="10238946" bps="68399.19"></progress>
    <progress bytes="10304482" bps="68512.81"></progress>
    <progress bytes="10370018" bps="69552.00"></progress>
    <progress bytes="10435554" bps="68459.92"></progress>
    <progress bytes="10501090" bps="69606.96"></progress>
    <progress bytes="10566626" bps="65854.74"></progress>
    <progress bytes="10632162" bps="67846.16"></progress>
    <progress bytes="10697698" bps="70720.06"></progress>
    <progress bytes="10763234" bps="68621.71"></progress>
    <progress bytes="10828770" bps="65148.24"></progress>
    <progress bytes="10894306" bps="64639.45"></progress>
    <progress bytes="10959842" bps="60453.60"></progress>
    <progress bytes="11025378" bps="61739.11"></progress>
    <progress bytes="11090914" bps="59675.83"></progress>
    <progress bytes="11156450" bps="58421.07"></progress>
    <progress bytes="11221986" bps="59105.98"></progress>
    <progress bytes="11287522" bps="56079.48"></progress>
    <progress bytes="11353058" bps="50977.13"></progress>
    <progress bytes="11418594" bps="58483.06"></progress>
    <progress bytes="11484130" bps="58697.35"></progress>
    <progress bytes="11549666" bps="60783.80"></progress>
    <progress bytes="11615202" bps="42123.23"></progress>
    <progress bytes="11680738" bps="68911.93"></progress>
    <progress bytes="11746274" bps="68651.69"></progress>
    <progress bytes="11811810" bps="59822.80"></progress>
    <progress bytes="11877346" bps="58558.05"></progress>
    <progress bytes="11942882" bps="66591.41"></progress>
    <progress bytes="12008418" bps="62636.02"></progress>
    <progress bytes="12073954" bps="67898.67"></progress>
    <progress bytes="12139490" bps="64606.12"></progress>
    <progress bytes="12205026" bps="68644.21"></progress>
    <progress bytes="12235206" bps="71106.13"></progress>
    <progress filesize="12235204" complete="1"></progress>
  </file>
</fileupload>
